<?xml version="1.0" encoding="UTF-8"?>
<!-- Generated by org.testng.reporters.JUnitXMLReporter -->
<testsuite hostname="SONY-PC" ignored="0" name="test1" tests="9" failures="0" timestamp="09 Dec 2018 17:08:26 GMT" time="111.981" errors="0">
  <testcase name="verifylaunch" time="51.964" classname="com.pagelibrary.com.ranford.TestExecution"/>
  <testcase name="verifyLogin" time="4.16" classname="com.pagelibrary.com.ranford.TestExecution"/>
  <testcase name="verifyAdmin" time="2.477" classname="com.pagelibrary.com.ranford.TestExecution"/>
  <testcase name="verifyBranch" time="3.516" classname="com.pagelibrary.com.ranford.TestExecution"/>
  <testcase name="verifyNewBranch" time="33.693" classname="com.pagelibrary.com.ranford.TestExecution"/>
  <testcase name="verifyRole" time="1.211" classname="com.pagelibrary.com.ranford.TestExecution"/>
  <testcase name="verifyNewRole" time="3.123" classname="com.pagelibrary.com.ranford.TestExecution"/>
  <testcase name="verifyEmployee" time="1.651" classname="com.pagelibrary.com.ranford.TestExecution"/>
  <testcase name="verifyNewEmployee" time="9.039" classname="com.pagelibrary.com.ranford.TestExecution"/>
</testsuite> <!-- test1 -->
