<?xml version="1.0" encoding="UTF-8"?>
<!-- Generated by org.testng.reporters.JUnitXMLReporter -->
<testsuite hostname="SONY-PC" ignored="0" name="Default test" tests="9" failures="0" timestamp="06 Dec 2018 11:47:35 GMT" time="105.253" errors="0">
  <testcase name="verifylaunch" time="39.926" classname="com.pagelibrary.com.ranford.TestExecution"/>
  <testcase name="verifyLogin" time="7.783" classname="com.pagelibrary.com.ranford.TestExecution"/>
  <testcase name="verifyAdmin" time="1.073" classname="com.pagelibrary.com.ranford.TestExecution"/>
  <testcase name="verifyBranch" time="2.745" classname="com.pagelibrary.com.ranford.TestExecution"/>
  <testcase name="verifyNewBranch" time="33.559" classname="com.pagelibrary.com.ranford.TestExecution"/>
  <testcase name="verifyRole" time="1.023" classname="com.pagelibrary.com.ranford.TestExecution"/>
  <testcase name="verifyNewRole" time="2.648" classname="com.pagelibrary.com.ranford.TestExecution"/>
  <testcase name="verifyEmployee" time="2.81" classname="com.pagelibrary.com.ranford.TestExecution"/>
  <testcase name="verifyNewEmployee" time="12.959" classname="com.pagelibrary.com.ranford.TestExecution"/>
</testsuite> <!-- Default test -->
