<?xml version="1.0" encoding="UTF-8"?>
<!-- Generated by org.testng.reporters.JUnitXMLReporter -->
<testsuite hostname="SONY-PC" ignored="0" name="chrome test" tests="1" failures="0" timestamp="10 Dec 2018 07:18:36 GMT" time="14.857" errors="0">
  <testcase name="@BeforeMethod beforemethod" time="0.0" classname="com.pagelibrary.com.ranford.Repository">
    <failure type="java.lang.NullPointerException">
      <![CDATA[java.lang.NullPointerException
	at com.pagelibrary.com.ranford.Repository.beforemethod(Repository.java:48)
... Removed 27 stack frames]]>
    </failure>
  </testcase> <!-- @BeforeMethod beforemethod -->
  <testcase name="@AfterTest saveReport" time="0.0" classname="com.pagelibrary.com.ranford.Repository">
    <skipped/>
  </testcase> <!-- @AfterTest saveReport -->
  <testcase name="verifyLogin" time="0.0" classname="com.pagelibrary.com.ranford.TestExecution">
    <skipped/>
  </testcase> <!-- verifyLogin -->
</testsuite> <!-- chrome test -->
